<?xml version="1.0" encoding="UTF-8"?>
<!-- Generated by org.testng.reporters.JUnitXMLReporter -->
<testsuite ignored="0" hostname="Avinash" failures="0" tests="4" name="Default test" time="12.06" errors="0" timestamp="2024-06-09T12:25:33 IST">
  <testcase classname="api.testcases.UserTest2" name="testCreateUser" time="4.884"/>
  <testcase classname="api.testcases.UserTest2" name="testGetUserData" time="1.214"/>
  <testcase classname="api.testcases.UserTest2" name="testUpdateUser" time="2.288"/>
  <testcase classname="api.testcases.UserTest2" name="testDeleteUser" time="1.124"/>
</testsuite> <!-- Default test -->
