<?xml version="1.0" encoding="UTF-8"?>
<!-- Generated by org.testng.reporters.JUnitXMLReporter -->
<testsuite ignored="0" hostname="Avinash" failures="0" tests="4" name="Test" time="9.642" errors="0" timestamp="2024-06-17T05:09:35 IST">
  <testcase classname="api.testcases.UserTest" name="testCreateUser" time="3.636"/>
  <testcase classname="api.testcases.UserTest" name="testGetUserData" time="1.186"/>
  <testcase classname="api.testcases.UserTest" name="testUpdateUser" time="2.175"/>
  <testcase classname="api.testcases.UserTest" name="testDeleteUser" time="1.126"/>
</testsuite> <!-- Test -->
